<?xml version="1.0" encoding="UTF-8"?>
<coverage generated="1609785225333" clover="3.2.0">
  <project timestamp="1609785225333" name="All files">
    <metrics statements="12" coveredstatements="12" conditionals="6" coveredconditionals="6" methods="4" coveredmethods="4" elements="22" coveredelements="22" complexity="0" loc="12" ncloc="12" packages="1" files="1" classes="1"/>
    <file name="mfcrypt.js" path="/home/jason/repos/cryptography/src/javascript/mfcrypt.js">
      <metrics statements="12" coveredstatements="12" conditionals="6" coveredconditionals="6" methods="4" coveredmethods="4"/>
      <line num="31" count="6" type="stmt"/>
      <line num="32" count="6" type="stmt"/>
      <line num="33" count="6" type="cond" truecount="2" falsecount="0"/>
      <line num="34" count="4" type="stmt"/>
      <line num="37" count="2" type="stmt"/>
      <line num="66" count="4" type="stmt"/>
      <line num="67" count="4" type="stmt"/>
      <line num="68" count="4" type="cond" truecount="2" falsecount="0"/>
      <line num="69" count="2" type="stmt"/>
      <line num="73" count="2" type="stmt"/>
      <line num="98" count="1" type="stmt"/>
      <line num="115" count="6" type="stmt"/>
    </file>
  </project>
</coverage>
