{"/home/jason/repos/cryptography/src/javascript/mfcrypt.js": {"path":"/home/jason/repos/cryptography/src/javascript/mfcrypt.js","statementMap":{"0":{"start":{"line":31,"column":13},"end":{"line":31,"column":75}},"1":{"start":{"line":32,"column":14},"end":{"line":32,"column":77}},"2":{"start":{"line":33,"column":2},"end":{"line":37,"column":69}},"3":{"start":{"line":34,"column":4},"end":{"line":36,"column":18}},"4":{"start":{"line":37,"column":9},"end":{"line":37,"column":69}},"5":{"start":{"line":66,"column":13},"end":{"line":66,"column":75}},"6":{"start":{"line":67,"column":14},"end":{"line":67,"column":77}},"7":{"start":{"line":68,"column":2},"end":{"line":76,"column":3}},"8":{"start":{"line":69,"column":4},"end":{"line":71,"column":6}},"9":{"start":{"line":73,"column":4},"end":{"line":75,"column":6}},"10":{"start":{"line":98,"column":2},"end":{"line":101,"column":5}},"11":{"start":{"line":115,"column":2},"end":{"line":115,"column":34}}},"fnMap":{"0":{"name":"encrypt","decl":{"start":{"line":30,"column":15},"end":{"line":30,"column":22}},"loc":{"start":{"line":30,"column":45},"end":{"line":38,"column":1}},"line":30},"1":{"name":"decrypt","decl":{"start":{"line":65,"column":15},"end":{"line":65,"column":22}},"loc":{"start":{"line":65,"column":66},"end":{"line":77,"column":1}},"line":65},"2":{"name":"createBytesKey","decl":{"start":{"line":97,"column":15},"end":{"line":97,"column":29}},"loc":{"start":{"line":97,"column":66},"end":{"line":102,"column":1}},"line":97},"3":{"name":"isNotString","decl":{"start":{"line":114,"column":9},"end":{"line":114,"column":20}},"loc":{"start":{"line":114,"column":27},"end":{"line":116,"column":1}},"line":114}},"branchMap":{"0":{"loc":{"start":{"line":33,"column":2},"end":{"line":37,"column":69}},"type":"if","locations":[{"start":{"line":33,"column":2},"end":{"line":37,"column":69}},{"start":{"line":33,"column":2},"end":{"line":37,"column":69}}],"line":33},"1":{"loc":{"start":{"line":65,"column":45},"end":{"line":65,"column":64}},"type":"default-arg","locations":[{"start":{"line":65,"column":56},"end":{"line":65,"column":64}}],"line":65},"2":{"loc":{"start":{"line":68,"column":2},"end":{"line":76,"column":3}},"type":"if","locations":[{"start":{"line":68,"column":2},"end":{"line":76,"column":3}},{"start":{"line":68,"column":2},"end":{"line":76,"column":3}}],"line":68},"3":{"loc":{"start":{"line":97,"column":48},"end":{"line":97,"column":64}},"type":"default-arg","locations":[{"start":{"line":97,"column":61},"end":{"line":97,"column":64}}],"line":97}},"s":{"0":6,"1":6,"2":6,"3":4,"4":2,"5":4,"6":4,"7":4,"8":2,"9":2,"10":1,"11":6},"f":{"0":6,"1":4,"2":1,"3":6},"b":{"0":[4,2],"1":[1],"2":[2,2],"3":[1]},"_coverageSchema":"1a1c01bbd47fc00a2c39e90264f33305004495a9","hash":"cf4927e8c4321afdf5da630eec1c7797c1bca1a3"}
}
